#
# There is insufficient memory for the Java Runtime Environment to continue.
# Native memory allocation (malloc) failed to allocate 1048576 bytes for AllocateHeap
# Possible reasons:
#   The system is out of physical RAM or swap space
#   The process is running with CompressedOops enabled, and the Java Heap may be blocking the growth of the native heap
# Possible solutions:
#   Reduce memory load on the system
#   Increase physical memory or swap space
#   Check if swap backing store is full
#   Decrease Java heap size (-Xmx/-Xms)
#   Decrease number of Java threads
#   Decrease Java thread stack sizes (-Xss)
#   Set larger code cache with -XX:ReservedCodeCacheSize=
#   JVM is running with Zero Based Compressed Oops mode in which the Java heap is
#     placed in the first 32GB address space. The Java Heap base address is the
#     maximum limit for the native heap growth. Please use -XX:HeapBaseMinAddress
#     to set the Java Heap base and to place the Java Heap above 32GB virtual address.
# This output file may be truncated or incomplete.
#
#  Out of Memory Error (allocation.cpp:44), pid=28632, tid=21824
#
# JRE version:  (17.0.1+12) (build )
# Java VM: OpenJDK 64-Bit Server VM (17.0.1+12, mixed mode, sharing, tiered, compressed oops, compressed class ptrs, g1 gc, windows-amd64)
# No core dump will be written. Minidumps are not enabled by default on client versions of Windows
#

---------------  S U M M A R Y ------------

Command Line: -Dfile.encoding=UTF-8 -XX:+ShowCodeDetailsInExceptionMessages main.MayTinh

Host: AMD Ryzen 5 4600H with Radeon Graphics         , 12 cores, 15G,  Windows 10 , 64 bit Build 22621 (10.0.22621.1105)
Time: Thu Feb 16 21:56:25 2023 SE Asia Standard Time elapsed time: 0.009243 seconds (0d 0h 0m 0s)

---------------  T H R E A D  ---------------

Current thread (0x0000022c76d1bfe0):  JavaThread "Unknown thread" [_thread_in_vm, id=21824, stack(0x000000aa6e500000,0x000000aa6e600000)]

Stack: [0x000000aa6e500000,0x000000aa6e600000]
Native frames: (J=compiled Java code, j=interpreted, Vv=VM code, C=native code)
V  [jvm.dll+0x6744da]
V  [jvm.dll+0x82e144]
V  [jvm.dll+0x82f8ee]
V  [jvm.dll+0x82ff53]
V  [jvm.dll+0x245175]
V  [jvm.dll+0xa5e73]
V  [jvm.dll+0x2e3c47]
V  [jvm.dll+0x2dbabb]
V  [jvm.dll+0x7ffdf1]
V  [jvm.dll+0x368c91]
V  [jvm.dll+0x7df2cc]
V  [jvm.dll+0x3eb59f]
V  [jvm.dll+0x3ed121]
C  [jli.dll+0x5277]
C  [ucrtbase.dll+0x29363]
C  [KERNEL32.DLL+0x126bd]
C  [ntdll.dll+0x5dfb8]


---------------  P R O C E S S  ---------------

Threads class SMR info:
_java_thread_list=0x00007fffccec4e58, length=0, elements={
}

Java Threads: ( => current thread )

Other Threads:
  0x0000022c78f8efa0 GCTaskThread "GC Thread#0" [stack: 0x000000aa6e600000,0x000000aa6e700000] [id=27724]

[error occurred during error reporting (printing all threads), id 0xc0000005, EXCEPTION_ACCESS_VIOLATION (0xc0000005) at pc=0x00007fffcc698bd0]

VM state: not at safepoint (not fully initialized)

VM Mutex/Monitor currently owned by a thread:  ([mutex/lock_event])
[0x0000022c78f3ec10] Heap_lock - owner thread: 0x0000022c76d1bfe0

Heap address: 0x0000000709400000, size: 3948 MB, Compressed Oops mode: Zero based, Oop shift amount: 3

CDS archive(s) mapped at: [0x0000000000000000-0x0000000000000000-0x0000000000000000), size 0, SharedBaseAddress: 0x0000000800000000, ArchiveRelocationMode: 0.
Narrow klass base: 0x0000000000000000, Narrow klass shift: 0, Narrow klass range: 0x0

GC Precious Log:
<Empty>

Heap:
 garbage-first heap   total 0K, used 0K [0x0000000709400000, 0x0000000800000000)
  region size 2048K, 0 young (0K), 0 survivors (0K)

[error occurred during error reporting (printing heap information), id 0xc0000005, EXCEPTION_ACCESS_VIOLATION (0xc0000005) at pc=0x00007fffcca7d729]

GC Heap History (0 events):
No events

Deoptimization events (0 events):
No events

Classes unloaded (0 events):
No events

Classes redefined (0 events):
No events

Internal exceptions (0 events):
No events

VM Operations (0 events):
No events

Events (1 events):
Event: 0.006 Loaded shared library C:\Users\hoang\.p2\pool\plugins\org.eclipse.justj.openjdk.hotspot.jre.full.win32.x86_64_17.0.1.v20211116-1657\jre\bin\java.dll


Dynamic libraries:
0x00007ff6e4830000 - 0x00007ff6e483e000 	C:\Users\hoang\.p2\pool\plugins\org.eclipse.justj.openjdk.hotspot.jre.full.win32.x86_64_17.0.1.v20211116-1657\jre\bin\javaw.exe
0x00007ff82b970000 - 0x00007ff82bb84000 	C:\WINDOWS\SYSTEM32\ntdll.dll
0x00007ff829be0000 - 0x00007ff829ca3000 	C:\WINDOWS\System32\KERNEL32.DLL
0x00007ff829010000 - 0x00007ff8293ad000 	C:\WINDOWS\System32\KERNELBASE.dll
0x00007ff829520000 - 0x00007ff829631000 	C:\WINDOWS\System32\ucrtbase.dll
0x00007ff819050000 - 0x00007ff819069000 	C:\Users\hoang\.p2\pool\plugins\org.eclipse.justj.openjdk.hotspot.jre.full.win32.x86_64_17.0.1.v20211116-1657\jre\bin\VCRUNTIME140.dll
0x00007ff817f60000 - 0x00007ff817f78000 	C:\Users\hoang\.p2\pool\plugins\org.eclipse.justj.openjdk.hotspot.jre.full.win32.x86_64_17.0.1.v20211116-1657\jre\bin\jli.dll
0x00007ff82a550000 - 0x00007ff82a6fd000 	C:\WINDOWS\System32\USER32.dll
0x00007ff8163b0000 - 0x00007ff81663e000 	C:\WINDOWS\WinSxS\amd64_microsoft.windows.common-controls_6595b64144ccf1df_6.0.22621.608_none_a9444ca7c10bb01d\COMCTL32.dll
0x00007ff8294f0000 - 0x00007ff829516000 	C:\WINDOWS\System32\win32u.dll
0x00007ff82a8d0000 - 0x00007ff82a8f9000 	C:\WINDOWS\System32\GDI32.dll
0x00007ff82ae50000 - 0x00007ff82aef7000 	C:\WINDOWS\System32\msvcrt.dll
0x00007ff829640000 - 0x00007ff829752000 	C:\WINDOWS\System32\gdi32full.dll
0x00007ff828d90000 - 0x00007ff828e2a000 	C:\WINDOWS\System32\msvcp_win.dll
0x00007ff829760000 - 0x00007ff829792000 	C:\WINDOWS\System32\IMM32.DLL
0x00007ff81b970000 - 0x00007ff81b97c000 	C:\Users\hoang\.p2\pool\plugins\org.eclipse.justj.openjdk.hotspot.jre.full.win32.x86_64_17.0.1.v20211116-1657\jre\bin\vcruntime140_1.dll
0x00007fffefb30000 - 0x00007fffefbc1000 	C:\Users\hoang\.p2\pool\plugins\org.eclipse.justj.openjdk.hotspot.jre.full.win32.x86_64_17.0.1.v20211116-1657\jre\bin\msvcp140.dll
0x00007fffcc3b0000 - 0x00007fffccff6000 	C:\Users\hoang\.p2\pool\plugins\org.eclipse.justj.openjdk.hotspot.jre.full.win32.x86_64_17.0.1.v20211116-1657\jre\bin\server\jvm.dll
0x00007ff8297a0000 - 0x00007ff82984e000 	C:\WINDOWS\System32\ADVAPI32.dll
0x00007ff82a0a0000 - 0x00007ff82a144000 	C:\WINDOWS\System32\sechost.dll
0x00007ff829f60000 - 0x00007ff82a075000 	C:\WINDOWS\System32\RPCRT4.dll
0x00007ff82af00000 - 0x00007ff82af08000 	C:\WINDOWS\System32\PSAPI.DLL
0x00007ff821530000 - 0x00007ff82153a000 	C:\WINDOWS\SYSTEM32\VERSION.dll
0x00007ff80eb90000 - 0x00007ff80eb99000 	C:\WINDOWS\SYSTEM32\WSOCK32.dll
0x00007ff822aa0000 - 0x00007ff822ad4000 	C:\WINDOWS\SYSTEM32\WINMM.dll
0x00007ff829cb0000 - 0x00007ff829d21000 	C:\WINDOWS\System32\WS2_32.dll
0x00007ff827de0000 - 0x00007ff827df8000 	C:\WINDOWS\SYSTEM32\kernel.appcore.dll
0x00007ff822f30000 - 0x00007ff822f3a000 	C:\Users\hoang\.p2\pool\plugins\org.eclipse.justj.openjdk.hotspot.jre.full.win32.x86_64_17.0.1.v20211116-1657\jre\bin\jimage.dll
0x00007ff819c10000 - 0x00007ff819e3e000 	C:\WINDOWS\SYSTEM32\DBGHELP.DLL
0x00007ff829850000 - 0x00007ff829bda000 	C:\WINDOWS\System32\combase.dll
0x00007ff82a1b0000 - 0x00007ff82a287000 	C:\WINDOWS\System32\OLEAUT32.dll
0x00007ff815570000 - 0x00007ff8155a2000 	C:\WINDOWS\SYSTEM32\dbgcore.DLL
0x00007ff829470000 - 0x00007ff8294eb000 	C:\WINDOWS\System32\bcryptPrimitives.dll
0x00007ff81c4e0000 - 0x00007ff81c505000 	C:\Users\hoang\.p2\pool\plugins\org.eclipse.justj.openjdk.hotspot.jre.full.win32.x86_64_17.0.1.v20211116-1657\jre\bin\java.dll

dbghelp: loaded successfully - version: 4.0.5 - missing functions: none
symbol engine: initialized successfully - sym options: 0x614 - pdb path: .;C:\Users\hoang\.p2\pool\plugins\org.eclipse.justj.openjdk.hotspot.jre.full.win32.x86_64_17.0.1.v20211116-1657\jre\bin;C:\WINDOWS\SYSTEM32;C:\WINDOWS\WinSxS\amd64_microsoft.windows.common-controls_6595b64144ccf1df_6.0.22621.608_none_a9444ca7c10bb01d;C:\Users\hoang\.p2\pool\plugins\org.eclipse.justj.openjdk.hotspot.jre.full.win32.x86_64_17.0.1.v20211116-1657\jre\bin\server

VM Arguments:
jvm_args: -Dfile.encoding=UTF-8 -XX:+ShowCodeDetailsInExceptionMessages 
java_command: main.MayTinh
java_class_path (initial): E:\Workspace\20013121_LEHOANGHIEN\BaiTap\bin
Launcher Type: SUN_STANDARD

[Global flags]
     intx CICompilerCount                          = 4                                         {product} {ergonomic}
     uint ConcGCThreads                            = 3                                         {product} {ergonomic}
     uint G1ConcRefinementThreads                  = 10                                        {product} {ergonomic}
   size_t G1HeapRegionSize                         = 2097152                                   {product} {ergonomic}
    uintx GCDrainStackTargetSize                   = 64                                        {product} {ergonomic}
   size_t InitialHeapSize                          = 260046848                                 {product} {ergonomic}
   size_t MarkStackSize                            = 4194304                                   {product} {ergonomic}
   size_t MaxHeapSize                              = 4139778048                                {product} {ergonomic}
   size_t MinHeapDeltaBytes                        = 2097152                                   {product} {ergonomic}
   size_t MinHeapSize                              = 8388608                                   {product} {ergonomic}
    uintx NonNMethodCodeHeapSize                   = 5839372                                {pd product} {ergonomic}
    uintx NonProfiledCodeHeapSize                  = 122909434                              {pd product} {ergonomic}
    uintx ProfiledCodeHeapSize                     = 122909434                              {pd product} {ergonomic}
    uintx ReservedCodeCacheSize                    = 251658240                              {pd product} {ergonomic}
     bool SegmentedCodeCache                       = true                                      {product} {ergonomic}
     bool ShowCodeDetailsInExceptionMessages       = true                                   {manageable} {command line}
   size_t SoftMaxHeapSize                          = 4139778048                             {manageable} {ergonomic}
     bool UseCompressedClassPointers               = true                           {product lp64_product} {ergonomic}
     bool UseCompressedOops                        = true                           {product lp64_product} {ergonomic}
     bool UseG1GC                                  = true                                      {product} {ergonomic}
     bool UseLargePagesIndividualAllocation        = false                                  {pd product} {ergonomic}

Logging:
Log output configuration:
 #0: stdout all=warning uptime,level,tags
 #1: stderr all=off uptime,level,tags

Environment Variables:
PATH=C:/Users/hoang/.p2/pool/plugins/org.eclipse.justj.openjdk.hotspot.jre.full.win32.x86_64_17.0.1.v20211116-1657/jre/bin/server;C:/Users/hoang/.p2/pool/plugins/org.eclipse.justj.openjdk.hotspot.jre.full.win32.x86_64_17.0.1.v20211116-1657/jre/bin;C:\Program Files (x86)\Common Files\Intel\Shared Libraries\redist\intel64\compiler;C:\ProgramData\Oracle\Java\javapath;C:\Program Files\Common Files\Oracle\Java\javapath;C:\Program Files (x86)\Common Files\Oracle\Java\javapath;C:\Program Files\Eclipse Adoptium\jdk-11.0.13.8-hotspot\bin;C:\WINDOWS\system32;C:\WINDOWS;C:\WINDOWS\System32\Wbem;C:\WINDOWS\System32\WindowsPowerShell\v1.0\;C:\WINDOWS\System32\OpenSSH\;D:\Git\cmd;D:\MongoDB\bin;C:\Program Files\Microsoft SQL Server\Client SDK\ODBC\170\Tools\Binn\;C:\Program Files (x86)\Microsoft SQL Server\150\Tools\Binn\;C:\Program Files\Microsoft SQL Server\150\Tools\Binn\;C:\Program Files\Microsoft SQL Server\150\DTS\Binn\;C:\Program Files (x86)\Microsoft SQL Server\150\DTS\Binn\;C:\Users\hoang\AppData\Local\Programs\Python\Python310\Scripts\;C:\Users\hoang\AppData\Local\Programs\Python\Python310\;C:\Users\hoang\AppData\Local\Microsoft\WindowsApps;C:\Users\hoang\AppData\Local\GitHubDesktop\bin;D:\VSCode\Microsoft VS Code\bin;D:\MongoDB\;C:\Program Files\Azure Data Studio\bin;;C:\WINDOWS\System32;
USERNAME=hoang
OS=Windows_NT
PROCESSOR_IDENTIFIER=AMD64 Family 23 Model 96 Stepping 1, AuthenticAMD



---------------  S Y S T E M  ---------------

OS:
 Windows 10 , 64 bit Build 22621 (10.0.22621.1105)
OS uptime: 4 days 5:00 hours

CPU: total 12 (initial active 12) (12 cores per cpu, 2 threads per core) family 23 model 96 stepping 1 microcode 0x0, cx8, cmov, fxsr, ht, mmx, 3dnowpref, sse, sse2, sse3, ssse3, sse4a, sse4.1, sse4.2, popcnt, lzcnt, tsc, tscinvbit, avx, avx2, aes, clmul, bmi1, bmi2, adx, sha, fma, vzeroupper, clflush, clflushopt

Memory: 4k page, system-wide physical 15791M (6005M free)
TotalPageFile size 34478M (AvailPageFile size 5M)
current process WorkingSet (physical memory assigned to process): 11M, peak: 11M
current process commit charge ("private bytes"): 63M, peak: 64M

vm_info: OpenJDK 64-Bit Server VM (17.0.1+12) for windows-amd64 JRE (17.0.1+12), built on Oct 20 2021 07:42:55 by "" with MS VC++ 16.7 (VS2019)

END.
